Importer Log Report
Document: C:\Work\Medexa\ESP32-POE\HARDWARE\ESP32-PoE-hardware-revision-G1\ESP32-PoE_Rev_G1.kicad_pcb
    Section : Analyze Document from - C:\Work\Medexa\ESP32-POE\HARDWARE\ESP32-PoE-hardware-revision-G1\ESP32-PoE_Rev_G1.kicad_pcb
        Warning: Pad name is empty, autogenerated name 'Un1' assigned to pad pad.
        Warning: Pad name is empty, autogenerated name 'Un2' assigned to pad pad.
        Warning: Pad name is empty, autogenerated name 'Un1' assigned to pad pad.
        Warning: Pad name is empty, autogenerated name 'Un2' assigned to pad pad.
        Warning: Pad name is empty, autogenerated name 'Un1' assigned to pad pad.
        Warning: Pad name is empty, autogenerated name 'Un2' assigned to pad pad.
        Warning: Pad name is empty, autogenerated name 'Un1' assigned to pad pad.
        Warning: Pad name is empty, autogenerated name 'Un2' assigned to pad pad.
        Warning: Pad name is empty, autogenerated name 'Un1' assigned to pad pad.
        Warning: Pad name is empty, autogenerated name 'Un2' assigned to pad pad.
        Warning: Unknown child layers of zone.
        Error: Cannot construct segment from node 'zone' because layer is undefined.
        Warning: Unknown child layers of zone.
        Error: Cannot construct segment from node 'zone' because layer is undefined.
    EndSection
    Section : Import Document - C:\Work\Medexa\ESP32-POE\HARDWARE\ESP32-PoE-hardware-revision-G1\Imported ESP32-PoE_Rev_G1\ESP32-PoE_Rev_G1(1).PcbDoc
        Section : Component L3 importing.
        EndSection
        Section : Component D7 importing.
        EndSection
        Section : Component TVS1 importing.
        EndSection
        Section : Component TVS2 importing.
        EndSection
        Section : Component D4 importing.
        EndSection
        Section : Component CE importing.
        EndSection
        Section : Component U9 importing.
        EndSection
        Section : Component BUT1 importing.
        EndSection
        Section : Component RST1 importing.
        EndSection
        Section : Component U7 importing.
        EndSection
        Section : Component C7 importing.
        EndSection
        Section : Component Q3 importing.
        EndSection
        Section : Component Q2 importing.
        EndSection
        Section : Component T1 importing.
        EndSection
        Section : Component L5 importing.
        EndSection
        Section : Component FET3 importing.
        EndSection
        Section : Component C22 importing.
        EndSection
        Section : Component L2 importing.
        EndSection
        Section : Component LAN_CON1 importing.
        EndSection
        Section : Component U4 importing.
        EndSection
        Section : Component C11 importing.
        EndSection
        Section : Component C6 importing.
        EndSection
        Section : Component C16 importing.
        EndSection
        Section : Component C13 importing.
        EndSection
        Section : Component R22 importing.
        EndSection
        Section : Component R17 importing.
        EndSection
        Section : Component R16 importing.
        EndSection
        Section : Component D6 importing.
        EndSection
        Section : Component C19 importing.
        EndSection
        Section : Component R9 importing.
        EndSection
        Section : Component R4 importing.
        EndSection
        Section : Component R6 importing.
        EndSection
        Section : Component U3 importing.
        EndSection
        Section : Component Logo_OSHW importing.
        EndSection
        Section : Component R3 importing.
        EndSection
        Section : Component C10 importing.
        EndSection
        Section : Component Logo_Olimex importing.
        EndSection
        Section : Component Sign_RecycleBin importing.
        EndSection
        Section : Component Sign_PB-Free importing.
        EndSection
        Section : Component C3 importing.
        EndSection
        Section : Component LNK1 importing.
        EndSection
        Section : Component ACT1 importing.
        EndSection
        Section : Component BAT1 importing.
        EndSection
        Section : Component FID6 importing.
        EndSection
        Section : Component FID5 importing.
        EndSection
        Section : Component FID4 importing.
        EndSection
        Section : Component C14 importing.
        EndSection
        Section : Component C18 importing.
        EndSection
        Section : Component C15 importing.
        EndSection
        Section : Component R46 importing.
        EndSection
        Section : Component R44 importing.
        EndSection
        Section : Component R40 importing.
        EndSection
        Section : Component R39 importing.
        EndSection
        Section : Component R36 importing.
        EndSection
        Section : Component R35 importing.
        EndSection
        Section : Component R31 importing.
        EndSection
        Section : Component R30 importing.
        EndSection
        Section : Component R29 importing.
        EndSection
        Section : Component R26 importing.
        EndSection
        Section : Component R25 importing.
        EndSection
        Section : Component R5 importing.
        EndSection
        Section : Component R15 importing.
        EndSection
        Section : Component R14 importing.
        EndSection
        Section : Component R13 importing.
        EndSection
        Section : Component R12 importing.
        EndSection
        Section : Component R11 importing.
        EndSection
        Section : Component R10 importing.
        EndSection
        Section : Component R8 importing.
        EndSection
        Section : Component R2 importing.
        EndSection
        Section : Component R1 importing.
        EndSection
        Section : Component R24 importing.
        EndSection
        Section : Component R19 importing.
        EndSection
        Section : Component R18 importing.
        EndSection
        Section : Component C8 importing.
        EndSection
        Section : Component EXT2 importing.
        EndSection
        Section : Component EXT1 importing.
        EndSection
        Section : Component C1 importing.
        EndSection
        Section : Component U1 importing.
        EndSection
        Section : Component L4 importing.
        EndSection
        Section : Component D5 importing.
        EndSection
        Section : Component D3 importing.
        EndSection
        Section : Component D1 importing.
        EndSection
        Section : Component C2 importing.
        EndSection
        Section : Component MICRO_SD1 importing.
        EndSection
        Section : Component FID3 importing.
        EndSection
        Section : Component FID2 importing.
        EndSection
        Section : Component FID1 importing.
        EndSection
        Section : Component PWR1 importing.
        EndSection
        Section : Component C21 importing.
        EndSection
        Section : Component CHRG1 importing.
        EndSection
        Section : Component C17 importing.
        EndSection
        Section : Component C9 importing.
        EndSection
        Section : Component USB-UART1 importing.
        EndSection
        Section : Component RM1 importing.
        EndSection
        Section : Component RM2 importing.
        EndSection
        Section : Component FET2 importing.
        EndSection
        Section : Component FET1 importing.
        EndSection
        Section : Component L1 importing.
        EndSection
        Section : Component R47 importing.
        EndSection
        Section : Component R49 importing.
        EndSection
        Section : Component R48 importing.
        EndSection
        Section : Component C5 importing.
        EndSection
        Section : Component R37 importing.
        EndSection
        Section : Component R21 importing.
        EndSection
        Section : Component R20 importing.
        EndSection
        Section : Component D2 importing.
        EndSection
        Section : Component RM3 importing.
        EndSection
        Section : Component UEXT1 importing.
        EndSection
        Section : Component C4 importing.
        EndSection
        Section : Component Q1 importing.
        EndSection
        Section : Component R32 importing.
        EndSection
        Section : Component BAT_SENS_E1 importing.
        EndSection
        Section : Component Sign_Antistatic importing.
        EndSection
        Section : Component C20 importing.
        EndSection
        Section : Component TVS3 importing.
        EndSection
        Section : Component C23 importing.
        EndSection
        Section : Component D8 importing.
        EndSection
        Section : Component R7 importing.
        EndSection
        Section : Component R23 importing.
        EndSection
        Section : Component R27 importing.
        EndSection
        Section : Component R28 importing.
        EndSection
        Section : Component R33 importing.
        EndSection
        Section : Component R34 importing.
        EndSection
        Section : Component R38 importing.
        EndSection
        Section : Component U2 importing.
        EndSection
        Section : Component U5 importing.
        EndSection
        Section : Component C25 importing.
        EndSection
        Section : Component C27 importing.
        EndSection
        Section : Component D9 importing.
        EndSection
        Section : Component C24 importing.
        EndSection
        Section : Component C12 importing.
        EndSection
        Section : Component R41 importing.
        EndSection
    EndSection
